<?xml version="1.0" encoding="UTF-8"?>
<!-- Generated by org.testng.reporters.JUnitReportReporter -->
<testsuite hostname="Alekhyas-MacBook-Air.local" failures="0" tests="1" name="com.upgrade.qa.restapi.test.PostApiTestingRestAssured" time="4.795" errors="0" timestamp="26 Sep. 2019 12:53:32 GMT" skipped="0">
  <testcase classname="com.upgrade.qa.restapi.test.PostApiTestingRestAssured" name="postApiTest" time="4.795"/>
</testsuite> <!-- com.upgrade.qa.restapi.test.PostApiTestingRestAssured -->
