<?xml version="1.0" encoding="UTF-8"?>
<!-- Generated by org.testng.reporters.JUnitReportReporter -->
<testsuite hostname="Alekhyas-MacBook-Air.local" failures="0" tests="1" name="com.upgrade.loan.rest.api.TestCase001_GET_REQUEST" time="2.598" errors="0" timestamp="21 Sep. 2019 11:56:04 GMT" skipped="0">
  <testcase classname="com.upgrade.loan.rest.api.TestCase001_GET_REQUEST" name="getEligibleStates" time="2.598"/>
</testsuite> <!-- com.upgrade.loan.rest.api.TestCase001_GET_REQUEST -->
