<?xml version="1.0" encoding="UTF-8"?>
<!-- Generated by org.testng.reporters.JUnitReportReporter -->
<testsuite hostname="Alekhyas-MacBook-Air.local" failures="0" tests="1" name="com.upgrade.qa.restapi.test.PostApiTest" time="2.720" errors="0" timestamp="25 Sep. 2019 23:31:37 GMT" skipped="0">
  <testcase classname="com.upgrade.qa.restapi.test.PostApiTest" name="postApiTest" time="2.720"/>
</testsuite> <!-- com.upgrade.qa.restapi.test.PostApiTest -->
