<?xml version="1.0" encoding="UTF-8"?>
<!-- Generated by org.testng.reporters.JUnitReportReporter -->
<testsuite hostname="Alekhyas-MacBook-Air.local" failures="0" tests="1" name="com.upgrade.qa.apiTesting.TestCase001_GET_REQUEST" time="3.422" errors="0" timestamp="21 Sep. 2019 11:24:07 GMT" skipped="0">
  <testcase classname="com.upgrade.qa.apiTesting.TestCase001_GET_REQUEST" name="getEligibleStates" time="3.422"/>
</testsuite> <!-- com.upgrade.qa.apiTesting.TestCase001_GET_REQUEST -->
