<?xml version="1.0" encoding="UTF-8"?>
<!-- Generated by org.testng.reporters.JUnitReportReporter -->
<testsuite hostname="Alekhyas-MacBook-Air.local" failures="0" tests="1" name="com.upgrade.qa.testcases.StartPageTest" time="8.261" errors="0" timestamp="25 Sep. 2019 01:42:35 GMT" skipped="0">
  <testcase classname="com.upgrade.qa.testcases.StartPageTest" name="checkYouRate" time="8.261"/>
</testsuite> <!-- com.upgrade.qa.testcases.StartPageTest -->
